<?xml version="1.0" encoding="UTF-8"?>
<!-- Generated by org.testng.reporters.JUnitReportReporter -->
<testsuite skipped="0" hostname="LAPTOP-FPCDLH3U" name="utility.screenshots" tests="1" failures="0" timestamp="31 Mar 2018 04:19:30 GMT" time="16.520" errors="0">
  <testcase name="login" time="16.520" classname="utility.screenshots"/>
</testsuite> <!-- utility.screenshots -->
