<?xml version="1.0" encoding="UTF-8"?>
<!-- Generated by org.testng.reporters.JUnitReportReporter -->
<testsuite skipped="0" hostname="LAPTOP-FPCDLH3U" name="testScript.Rediff_login_01" tests="1" failures="0" timestamp="31 Mar 2018 04:24:58 GMT" time="19.760" errors="0">
  <testcase name="login" time="19.760" classname="testScript.Rediff_login_01"/>
</testsuite> <!-- testScript.Rediff_login_01 -->
